Arguments: 
  /Users/kuku/.nvm/versions/node/v14.17.3/bin/node /Users/kuku/.nvm/versions/node/v14.17.3/bin/yarn add -D typescript

PATH: 
  /usr/local/mysql/bin:/Users/kuku/.Development/apache-maven/bin:/Users/kuku/.sdkman/candidates/springboot/current/bin:/Users/kuku/.sdkman/candidates/gradle/current/bin:/Users/kuku/.nvm/versions/node/v14.17.3/bin:/usr/local/bin:/usr/bin:/bin:/usr/sbin:/sbin:/Library/Apple/usr/bin:/Users/kuku/.Development/flutter/bin:/Users/kuku/.Development/redis/src

Yarn version: 
  1.22.10

Node version: 
  14.17.3

Platform: 
  darwin x64

Trace: 
  SyntaxError: /Users/kuku/KukuPrivate/@mupi/core/package.json: Unexpected token } in JSON at position 274
      at JSON.parse (<anonymous>)
      at /Users/kuku/.nvm/versions/node/v14.17.3/lib/node_modules/yarn/lib/cli.js:1625:59
      at Generator.next (<anonymous>)
      at step (/Users/kuku/.nvm/versions/node/v14.17.3/lib/node_modules/yarn/lib/cli.js:310:30)
      at /Users/kuku/.nvm/versions/node/v14.17.3/lib/node_modules/yarn/lib/cli.js:321:13

npm manifest: 
  {
    "name": "core",
    "version": "1.0.0",
    "description": "",
    "main": "index.js",
    "scripts": {
      "test": "echo \"Error: no test specified\" && exit 1"
    },
    "keywords": [],
    "author": "",
    "license": "ISC",
    "dependencies": {
      "reflect-metadata": "^0.1.13",
    }
  }

yarn manifest: 
  No manifest

Lockfile: 
  # THIS IS AN AUTOGENERATED FILE. DO NOT EDIT THIS FILE DIRECTLY.
  # yarn lockfile v1
  
  
  reflect-metadata@^0.1.13:
    version "0.1.13"
    resolved "https://registry.yarnpkg.com/reflect-metadata/-/reflect-metadata-0.1.13.tgz#67ae3ca57c972a2aa1642b10fe363fe32d49dc08"
    integrity sha512-Ts1Y/anZELhSsjMcU605fU9RE4Oi3p5ORujwbIKXfWa+0Zxs510Qrmrce5/Jowq3cHSZSJqBjypxmHarc+vEWg==
